<?xml version="1.0" encoding="UTF-8"?>
<testng-results skipped="0" failed="1" ignored="0" total="2" passed="1">
  <reporter-output>
  </reporter-output>
  <suite name="Default suite" duration-ms="7920" started-at="2022-03-23T02:34:47 CDT" finished-at="2022-03-23T02:34:55 CDT">
    <groups>
    </groups>
    <test name="Default test" duration-ms="7920" started-at="2022-03-23T02:34:47 CDT" finished-at="2022-03-23T02:34:55 CDT">
      <class name="TestCases.SinglecheckboxRemoveButton">
        <test-method status="PASS" signature="setUp()[pri:0, instance:TestCases.SinglecheckboxRemoveButton@74650e52]" name="setUp" is-config="true" duration-ms="3918" started-at="2022-03-23T02:34:47 CDT" finished-at="2022-03-23T02:34:51 CDT">
          <reporter-output>
          </reporter-output>
        </test-method> <!-- setUp -->
        <test-method status="PASS" signature="addList()[pri:1, instance:TestCases.SinglecheckboxRemoveButton@74650e52]" name="addList" duration-ms="17" started-at="2022-03-23T02:34:51 CDT" finished-at="2022-03-23T02:34:51 CDT">
          <reporter-output>
          </reporter-output>
        </test-method> <!-- addList -->
        <test-method status="PASS" signature="tearDown()[pri:0, instance:TestCases.SinglecheckboxRemoveButton@74650e52]" name="tearDown" is-config="true" duration-ms="781" started-at="2022-03-23T02:34:51 CDT" finished-at="2022-03-23T02:34:51 CDT">
          <reporter-output>
          </reporter-output>
        </test-method> <!-- tearDown -->
        <test-method status="PASS" signature="setUp()[pri:0, instance:TestCases.SinglecheckboxRemoveButton@74650e52]" name="setUp" is-config="true" duration-ms="2386" started-at="2022-03-23T02:34:51 CDT" finished-at="2022-03-23T02:34:54 CDT">
          <reporter-output>
          </reporter-output>
        </test-method> <!-- setUp -->
        <test-method status="FAIL" signature="removeSingleItemChecked()[pri:2, instance:TestCases.SinglecheckboxRemoveButton@74650e52]" name="removeSingleItemChecked" duration-ms="1" started-at="2022-03-23T02:34:54 CDT" finished-at="2022-03-23T02:34:54 CDT">
          <exception class="java.lang.Error">
            <message>
              <![CDATA[Unresolved compilation problems: 
Duplicate local variable removebutton
Cannot make a static reference to the non-static method clickRemoveButton() from the type Testing101page
]]>
            </message>
            <full-stacktrace>
              <![CDATA[java.lang.Error: Unresolved compilation problems: 
Duplicate local variable removebutton
Cannot make a static reference to the non-static method clickRemoveButton() from the type Testing101page

at TestCases.SinglecheckboxRemoveButton.removeSingleItemChecked(SinglecheckboxRemoveButton.java:59)
at sun.reflect.NativeMethodAccessorImpl.invoke0(Native Method)
at sun.reflect.NativeMethodAccessorImpl.invoke(NativeMethodAccessorImpl.java:62)
at sun.reflect.DelegatingMethodAccessorImpl.invoke(DelegatingMethodAccessorImpl.java:43)
at java.lang.reflect.Method.invoke(Method.java:498)
at org.testng.internal.MethodInvocationHelper.invokeMethod(MethodInvocationHelper.java:133)
at org.testng.internal.TestInvoker.invokeMethod(TestInvoker.java:598)
at org.testng.internal.TestInvoker.invokeTestMethod(TestInvoker.java:173)
at org.testng.internal.MethodRunner.runInSequence(MethodRunner.java:46)
at org.testng.internal.TestInvoker$MethodInvocationAgent.invoke(TestInvoker.java:824)
at org.testng.internal.TestInvoker.invokeTestMethods(TestInvoker.java:146)
at org.testng.internal.TestMethodWorker.invokeTestMethods(TestMethodWorker.java:146)
at org.testng.internal.TestMethodWorker.run(TestMethodWorker.java:128)
at java.util.ArrayList.forEach(ArrayList.java:1259)
at org.testng.TestRunner.privateRun(TestRunner.java:794)
at org.testng.TestRunner.run(TestRunner.java:596)
at org.testng.SuiteRunner.runTest(SuiteRunner.java:377)
at org.testng.SuiteRunner.runSequentially(SuiteRunner.java:371)
at org.testng.SuiteRunner.privateRun(SuiteRunner.java:332)
at org.testng.SuiteRunner.run(SuiteRunner.java:276)
at org.testng.SuiteRunnerWorker.runSuite(SuiteRunnerWorker.java:53)
at org.testng.SuiteRunnerWorker.run(SuiteRunnerWorker.java:96)
at org.testng.TestNG.runSuitesSequentially(TestNG.java:1212)
at org.testng.TestNG.runSuitesLocally(TestNG.java:1134)
at org.testng.TestNG.runSuites(TestNG.java:1063)
at org.testng.TestNG.run(TestNG.java:1031)
at org.testng.remote.AbstractRemoteTestNG.run(AbstractRemoteTestNG.java:115)
at org.testng.remote.RemoteTestNG.initAndRun(RemoteTestNG.java:251)
at org.testng.remote.RemoteTestNG.main(RemoteTestNG.java:77)
]]>
            </full-stacktrace>
          </exception> <!-- java.lang.Error -->
          <reporter-output>
          </reporter-output>
        </test-method> <!-- removeSingleItemChecked -->
        <test-method status="PASS" signature="tearDown()[pri:0, instance:TestCases.SinglecheckboxRemoveButton@74650e52]" name="tearDown" is-config="true" duration-ms="765" started-at="2022-03-23T02:34:54 CDT" finished-at="2022-03-23T02:34:55 CDT">
          <reporter-output>
          </reporter-output>
        </test-method> <!-- tearDown -->
      </class> <!-- TestCases.SinglecheckboxRemoveButton -->
    </test> <!-- Default test -->
  </suite> <!-- Default suite -->
</testng-results>
